Determining if the pthread_create exist failed with the following output:
Change Dir: /home/jalzate/Documents/udacity/term3/projects/copies/CarND-Capstone/ros/build/CMakeFiles/CMakeTmp

Run Build Command:"/usr/bin/make" "cmTC_3c091/fast"
/usr/bin/make -f CMakeFiles/cmTC_3c091.dir/build.make CMakeFiles/cmTC_3c091.dir/build
make[1]: Entering directory '/home/jalzate/Documents/udacity/term3/projects/copies/CarND-Capstone/ros/build/CMakeFiles/CMakeTmp'
Building C object CMakeFiles/cmTC_3c091.dir/CheckSymbolExists.c.o
/usr/bin/cc     -o CMakeFiles/cmTC_3c091.dir/CheckSymbolExists.c.o   -c /home/jalzate/Documents/udacity/term3/projects/copies/CarND-Capstone/ros/build/CMakeFiles/CMakeTmp/CheckSymbolExists.c
Linking C executable cmTC_3c091
/usr/bin/cmake -E cmake_link_script CMakeFiles/cmTC_3c091.dir/link.txt --verbose=1
/usr/bin/cc       CMakeFiles/cmTC_3c091.dir/CheckSymbolExists.c.o  -o cmTC_3c091 -rdynamic 
CMakeFiles/cmTC_3c091.dir/CheckSymbolExists.c.o: In function `main':
CheckSymbolExists.c:(.text+0x16): undefined reference to `pthread_create'
collect2: error: ld returned 1 exit status
CMakeFiles/cmTC_3c091.dir/build.make:97: recipe for target 'cmTC_3c091' failed
make[1]: *** [cmTC_3c091] Error 1
make[1]: Leaving directory '/home/jalzate/Documents/udacity/term3/projects/copies/CarND-Capstone/ros/build/CMakeFiles/CMakeTmp'
Makefile:126: recipe for target 'cmTC_3c091/fast' failed
make: *** [cmTC_3c091/fast] Error 2

File /home/jalzate/Documents/udacity/term3/projects/copies/CarND-Capstone/ros/build/CMakeFiles/CMakeTmp/CheckSymbolExists.c:
/* */
#include <pthread.h>

int main(int argc, char** argv)
{
  (void)argv;
#ifndef pthread_create
  return ((int*)(&pthread_create))[argc];
#else
  (void)argc;
  return 0;
#endif
}

Determining if the function pthread_create exists in the pthreads failed with the following output:
Change Dir: /home/jalzate/Documents/udacity/term3/projects/copies/CarND-Capstone/ros/build/CMakeFiles/CMakeTmp

Run Build Command:"/usr/bin/make" "cmTC_53b7f/fast"
/usr/bin/make -f CMakeFiles/cmTC_53b7f.dir/build.make CMakeFiles/cmTC_53b7f.dir/build
make[1]: Entering directory '/home/jalzate/Documents/udacity/term3/projects/copies/CarND-Capstone/ros/build/CMakeFiles/CMakeTmp'
Building C object CMakeFiles/cmTC_53b7f.dir/CheckFunctionExists.c.o
/usr/bin/cc    -DCHECK_FUNCTION_EXISTS=pthread_create   -o CMakeFiles/cmTC_53b7f.dir/CheckFunctionExists.c.o   -c /usr/share/cmake-3.5/Modules/CheckFunctionExists.c
Linking C executable cmTC_53b7f
/usr/bin/cmake -E cmake_link_script CMakeFiles/cmTC_53b7f.dir/link.txt --verbose=1
/usr/bin/cc   -DCHECK_FUNCTION_EXISTS=pthread_create    CMakeFiles/cmTC_53b7f.dir/CheckFunctionExists.c.o  -o cmTC_53b7f -rdynamic -lpthreads 
/usr/bin/ld: cannot find -lpthreads
collect2: error: ld returned 1 exit status
CMakeFiles/cmTC_53b7f.dir/build.make:97: recipe for target 'cmTC_53b7f' failed
make[1]: *** [cmTC_53b7f] Error 1
make[1]: Leaving directory '/home/jalzate/Documents/udacity/term3/projects/copies/CarND-Capstone/ros/build/CMakeFiles/CMakeTmp'
Makefile:126: recipe for target 'cmTC_53b7f/fast' failed
make: *** [cmTC_53b7f/fast] Error 2


